This is pdfTeX, Version 3.14159265-2.6-1.40.17 (TeX Live 2016) (preloaded format=pdflatex 2017.2.9)  6 FEB 2020 13:53
entering extended mode
 restricted \write18 enabled.
 %&-line parsing enabled.
**gc-ks-paper.tex
(./gc-ks-paper.tex
LaTeX2e <2016/03/31>
Babel <3.9r> and hyphenation patterns for 83 language(s) loaded.
(./CUP-JNL-DCE.cls
Document Class: CUP-JNL-DCE 2019/10/08 v0.1: An authoring template for CUP DCE 
articles
(/usr/local/texlive/2016/texmf-dist/tex/latex/base/article.cls
Document Class: article 2014/09/29 v1.4h Standard LaTeX document class
(/usr/local/texlive/2016/texmf-dist/tex/latex/base/fleqn.clo
File: fleqn.clo 2015/03/31 v1.1i Standard LaTeX option (flush left equations)
\mathindent=\dimen102
Applying: [2015/01/01] Make \[ robust on input line 50.
LaTeX Info: Redefining \[ on input line 51.
Already applied: [0000/00/00] Make \[ robust on input line 62.
Applying: [2015/01/01] Make \] robust on input line 74.
LaTeX Info: Redefining \] on input line 75.
Already applied: [0000/00/00] Make \] robust on input line 83.
)
(/usr/local/texlive/2016/texmf-dist/tex/latex/base/size10.clo
File: size10.clo 2014/09/29 v1.4h Standard LaTeX file (size option)
)
\c@part=\count79
\c@section=\count80
\c@subsection=\count81
\c@subsubsection=\count82
\c@paragraph=\count83
\c@subparagraph=\count84
\c@figure=\count85
\c@table=\count86
\abovecaptionskip=\skip41
\belowcaptionskip=\skip42
\bibindent=\dimen103
)
(/usr/local/texlive/2016/texmf-dist/tex/generic/oberdiek/ifpdf.sty
Package: ifpdf 2016/05/14 v3.1 Provides the ifpdf switch
)
(/usr/local/texlive/2016/texmf-dist/tex/latex/url/url.sty
\Urlmuskip=\muskip10
Package: url 2013/09/16  ver 3.4  Verb mode for urls, etc.
)
(/usr/local/texlive/2016/texmf-dist/tex/latex/soul/soul.sty
Package: soul 2003/11/17 v2.4 letterspacing/underlining (mf)
\SOUL@word=\toks14
\SOUL@lasttoken=\toks15
\SOUL@cmds=\toks16
\SOUL@buffer=\toks17
\SOUL@token=\toks18
\SOUL@spaceskip=\skip43
\SOUL@ttwidth=\dimen104
\SOUL@uldp=\dimen105
\SOUL@ulht=\dimen106
)
(/usr/local/texlive/2016/texmf-dist/tex/latex/xcolor/xcolor.sty
Package: xcolor 2016/05/11 v2.12 LaTeX color extensions (UK)

(/usr/local/texlive/2016/texmf-dist/tex/latex/graphics-cfg/color.cfg
File: color.cfg 2016/01/02 v1.6 sample color configuration
)
Package xcolor Info: Driver file: pdftex.def on input line 225.

(/usr/local/texlive/2016/texmf-dist/tex/latex/pdftex-def/pdftex.def
File: pdftex.def 2011/05/27 v0.06d Graphics/color for pdfTeX

(/usr/local/texlive/2016/texmf-dist/tex/generic/oberdiek/infwarerr.sty
Package: infwarerr 2016/05/16 v1.4 Providing info/warning/error messages (HO)
)
(/usr/local/texlive/2016/texmf-dist/tex/generic/oberdiek/ltxcmds.sty
Package: ltxcmds 2016/05/16 v1.23 LaTeX kernel commands for general use (HO)
)
\Gread@gobject=\count87
)
Package xcolor Info: Model `cmy' substituted by `cmy0' on input line 1348.
Package xcolor Info: Model `hsb' substituted by `rgb' on input line 1352.
Package xcolor Info: Model `RGB' extended on input line 1364.
Package xcolor Info: Model `HTML' substituted by `rgb' on input line 1366.
Package xcolor Info: Model `Hsb' substituted by `hsb' on input line 1367.
Package xcolor Info: Model `tHsb' substituted by `hsb' on input line 1368.
Package xcolor Info: Model `HSB' substituted by `hsb' on input line 1369.
Package xcolor Info: Model `Gray' substituted by `gray' on input line 1370.
Package xcolor Info: Model `wave' substituted by `hsb' on input line 1371.
)
(/usr/local/texlive/2016/texmf-dist/tex/latex/base/textcomp.sty
Package: textcomp 2005/09/27 v1.99g Standard LaTeX package
Package textcomp Info: Sub-encoding information:
(textcomp)               5 = only ISO-Adobe without \textcurrency
(textcomp)               4 = 5 + \texteuro
(textcomp)               3 = 4 + \textohm
(textcomp)               2 = 3 + \textestimated + \textcurrency
(textcomp)               1 = TS1 - \textcircled - \t
(textcomp)               0 = TS1 (full)
(textcomp)             Font families with sub-encoding setting implement
(textcomp)             only a restricted character set as indicated.
(textcomp)             Family '?' is the default used for unknown fonts.
(textcomp)             See the documentation for details.
Package textcomp Info: Setting ? sub-encoding to TS1/1 on input line 79.

(/usr/local/texlive/2016/texmf-dist/tex/latex/base/ts1enc.def
File: ts1enc.def 2001/06/05 v3.0e (jk/car/fm) Standard LaTeX file
)
LaTeX Info: Redefining \oldstylenums on input line 334.
Package textcomp Info: Setting cmr sub-encoding to TS1/0 on input line 349.
Package textcomp Info: Setting cmss sub-encoding to TS1/0 on input line 350.
Package textcomp Info: Setting cmtt sub-encoding to TS1/0 on input line 351.
Package textcomp Info: Setting cmvtt sub-encoding to TS1/0 on input line 352.
Package textcomp Info: Setting cmbr sub-encoding to TS1/0 on input line 353.
Package textcomp Info: Setting cmtl sub-encoding to TS1/0 on input line 354.
Package textcomp Info: Setting ccr sub-encoding to TS1/0 on input line 355.
Package textcomp Info: Setting ptm sub-encoding to TS1/4 on input line 356.
Package textcomp Info: Setting pcr sub-encoding to TS1/4 on input line 357.
Package textcomp Info: Setting phv sub-encoding to TS1/4 on input line 358.
Package textcomp Info: Setting ppl sub-encoding to TS1/3 on input line 359.
Package textcomp Info: Setting pag sub-encoding to TS1/4 on input line 360.
Package textcomp Info: Setting pbk sub-encoding to TS1/4 on input line 361.
Package textcomp Info: Setting pnc sub-encoding to TS1/4 on input line 362.
Package textcomp Info: Setting pzc sub-encoding to TS1/4 on input line 363.
Package textcomp Info: Setting bch sub-encoding to TS1/4 on input line 364.
Package textcomp Info: Setting put sub-encoding to TS1/5 on input line 365.
Package textcomp Info: Setting uag sub-encoding to TS1/5 on input line 366.
Package textcomp Info: Setting ugq sub-encoding to TS1/5 on input line 367.
Package textcomp Info: Setting ul8 sub-encoding to TS1/4 on input line 368.
Package textcomp Info: Setting ul9 sub-encoding to TS1/4 on input line 369.
Package textcomp Info: Setting augie sub-encoding to TS1/5 on input line 370.
Package textcomp Info: Setting dayrom sub-encoding to TS1/3 on input line 371.
Package textcomp Info: Setting dayroms sub-encoding to TS1/3 on input line 372.

Package textcomp Info: Setting pxr sub-encoding to TS1/0 on input line 373.
Package textcomp Info: Setting pxss sub-encoding to TS1/0 on input line 374.
Package textcomp Info: Setting pxtt sub-encoding to TS1/0 on input line 375.
Package textcomp Info: Setting txr sub-encoding to TS1/0 on input line 376.
Package textcomp Info: Setting txss sub-encoding to TS1/0 on input line 377.
Package textcomp Info: Setting txtt sub-encoding to TS1/0 on input line 378.
Package textcomp Info: Setting lmr sub-encoding to TS1/0 on input line 379.
Package textcomp Info: Setting lmdh sub-encoding to TS1/0 on input line 380.
Package textcomp Info: Setting lmss sub-encoding to TS1/0 on input line 381.
Package textcomp Info: Setting lmssq sub-encoding to TS1/0 on input line 382.
Package textcomp Info: Setting lmvtt sub-encoding to TS1/0 on input line 383.
Package textcomp Info: Setting lmtt sub-encoding to TS1/0 on input line 384.
Package textcomp Info: Setting qhv sub-encoding to TS1/0 on input line 385.
Package textcomp Info: Setting qag sub-encoding to TS1/0 on input line 386.
Package textcomp Info: Setting qbk sub-encoding to TS1/0 on input line 387.
Package textcomp Info: Setting qcr sub-encoding to TS1/0 on input line 388.
Package textcomp Info: Setting qcs sub-encoding to TS1/0 on input line 389.
Package textcomp Info: Setting qpl sub-encoding to TS1/0 on input line 390.
Package textcomp Info: Setting qtm sub-encoding to TS1/0 on input line 391.
Package textcomp Info: Setting qzc sub-encoding to TS1/0 on input line 392.
Package textcomp Info: Setting qhvc sub-encoding to TS1/0 on input line 393.
Package textcomp Info: Setting futs sub-encoding to TS1/4 on input line 394.
Package textcomp Info: Setting futx sub-encoding to TS1/4 on input line 395.
Package textcomp Info: Setting futj sub-encoding to TS1/4 on input line 396.
Package textcomp Info: Setting hlh sub-encoding to TS1/3 on input line 397.
Package textcomp Info: Setting hls sub-encoding to TS1/3 on input line 398.
Package textcomp Info: Setting hlst sub-encoding to TS1/3 on input line 399.
Package textcomp Info: Setting hlct sub-encoding to TS1/5 on input line 400.
Package textcomp Info: Setting hlx sub-encoding to TS1/5 on input line 401.
Package textcomp Info: Setting hlce sub-encoding to TS1/5 on input line 402.
Package textcomp Info: Setting hlcn sub-encoding to TS1/5 on input line 403.
Package textcomp Info: Setting hlcw sub-encoding to TS1/5 on input line 404.
Package textcomp Info: Setting hlcf sub-encoding to TS1/5 on input line 405.
Package textcomp Info: Setting pplx sub-encoding to TS1/3 on input line 406.
Package textcomp Info: Setting pplj sub-encoding to TS1/3 on input line 407.
Package textcomp Info: Setting ptmx sub-encoding to TS1/4 on input line 408.
Package textcomp Info: Setting ptmj sub-encoding to TS1/4 on input line 409.
)
(/usr/local/texlive/2016/texmf-dist/tex/latex/base/fontenc.sty
Package: fontenc 2005/09/27 v1.99g Standard LaTeX package

(/usr/local/texlive/2016/texmf-dist/tex/latex/base/t1enc.def
File: t1enc.def 2005/09/27 v1.99g Standard LaTeX file
LaTeX Font Info:    Redeclaring font encoding T1 on input line 48.
))
LaTeX Info: Redefining \rm on input line 115.
LaTeX Info: Redefining \sf on input line 116.
LaTeX Info: Redefining \tt on input line 117.
LaTeX Info: Redefining \bf on input line 118.
LaTeX Info: Redefining \it on input line 119.
LaTeX Info: Redefining \sl on input line 120.
LaTeX Info: Redefining \sc on input line 121.
LaTeX Info: Redefining \cal on input line 122.
LaTeX Info: Redefining \mit on input line 123.
LaTeX Info: Redefining \textsubscript on input line 178.

(/usr/local/texlive/2016/texmf-dist/tex/latex/geometry/geometry.sty
Package: geometry 2010/09/12 v5.6 Page Geometry

(/usr/local/texlive/2016/texmf-dist/tex/latex/graphics/keyval.sty
Package: keyval 2014/10/28 v1.15 key=value parser (DPC)
\KV@toks@=\toks19
)
(/usr/local/texlive/2016/texmf-dist/tex/generic/oberdiek/ifvtex.sty
Package: ifvtex 2016/05/16 v1.6 Detect VTeX and its facilities (HO)
Package ifvtex Info: VTeX not detected.
)
(/usr/local/texlive/2016/texmf-dist/tex/generic/ifxetex/ifxetex.sty
Package: ifxetex 2010/09/12 v0.6 Provides ifxetex conditional
)
\Gm@cnth=\count88
\Gm@cntv=\count89
\c@Gm@tempcnt=\count90
\Gm@bindingoffset=\dimen107
\Gm@wd@mp=\dimen108
\Gm@odd@mp=\dimen109
\Gm@even@mp=\dimen110
\Gm@layoutwidth=\dimen111
\Gm@layoutheight=\dimen112
\Gm@layouthoffset=\dimen113
\Gm@layoutvoffset=\dimen114
\Gm@dimlist=\toks20
)
\aucount=\count91
\punctcount=\count92
\c@affn=\count93
\addcount=\count94
\addcount=\count95

(/usr/local/texlive/2016/texmf-dist/tex/latex/framed/framed.sty
Package: framed 2011/10/22 v 0.96: framed or shaded text with page breaks
\OuterFrameSep=\skip44
\fb@frw=\dimen115
\fb@frh=\dimen116
\FrameRule=\dimen117
\FrameSep=\dimen118
)
\policybox=\box26

(/usr/local/texlive/2016/texmf-dist/tex/latex/everypage/everypage.sty
Package: everypage 2007/06/20 1.1 Hooks to run on every page
)
(/usr/local/texlive/2016/texmf-dist/tex/latex/lastpage/lastpage.sty
Package: lastpage 2015/03/29 v1.2m Refers to last page's name (HMM; JPG)
)
\opshortpage=\dimen119
\c@chapter=\count96
\labelwidthi=\dimen120
\labelwidthii=\dimen121
\labelwidthiii=\dimen122
\labelwidthiv=\dimen123

(/usr/local/texlive/2016/texmf-dist/tex/latex/caption/caption.sty
Package: caption 2016/02/21 v3.3-144 Customizing captions (AR)

(/usr/local/texlive/2016/texmf-dist/tex/latex/caption/caption3.sty
Package: caption3 2016/02/04 v1.7-139 caption3 kernel (AR)
Package caption3 Info: TeX engine: e-TeX on input line 67.
\captionmargin=\dimen124
\captionmargin@=\dimen125
\captionwidth=\dimen126
\caption@tempdima=\dimen127
\caption@indent=\dimen128
\caption@parindent=\dimen129
\caption@hangindent=\dimen130
)
\c@ContinuedFloat=\count97
)
\figwidth=\dimen131
\figheight=\dimen132
\sidecapwidth=\dimen133
\wrapcapline=\dimen134
\totalwrapline=\dimen135
\wraptotline=\dimen136
\figurebox=\box27
\wrapfigcapbox=\box28
\figcapbox=\box29
\capbox=\box30

(/usr/local/texlive/2016/texmf-dist/tex/latex/booktabs/booktabs.sty
Package: booktabs 2016/04/27 v1.618033 publication quality tables
\heavyrulewidth=\dimen137
\lightrulewidth=\dimen138
\cmidrulewidth=\dimen139
\belowrulesep=\dimen140
\belowbottomsep=\dimen141
\aboverulesep=\dimen142
\abovetopsep=\dimen143
\cmidrulesep=\dimen144
\cmidrulekern=\dimen145
\defaultaddspace=\dimen146
\@cmidla=\count98
\@cmidlb=\count99
\@aboverulesep=\dimen147
\@belowrulesep=\dimen148
\@thisruleclass=\count100
\@lastruleclass=\count101
\@thisrulewidth=\dimen149
)
\tablebox=\box31
\tabcapbox=\box32
\tabcapwidth=\dimen150

(/usr/local/texlive/2016/texmf-dist/tex/latex/hyperref/hyperref.sty
Package: hyperref 2016/05/05 v6.83n Hypertext links for LaTeX

(/usr/local/texlive/2016/texmf-dist/tex/generic/oberdiek/hobsub-hyperref.sty
Package: hobsub-hyperref 2016/05/16 v1.14 Bundle oberdiek, subset hyperref (HO)


(/usr/local/texlive/2016/texmf-dist/tex/generic/oberdiek/hobsub-generic.sty
Package: hobsub-generic 2016/05/16 v1.14 Bundle oberdiek, subset generic (HO)
Package: hobsub 2016/05/16 v1.14 Construct package bundles (HO)
Package hobsub Info: Skipping package `infwarerr' (already loaded).
Package hobsub Info: Skipping package `ltxcmds' (already loaded).
Package: ifluatex 2016/05/16 v1.4 Provides the ifluatex switch (HO)
Package ifluatex Info: LuaTeX not detected.
Package hobsub Info: Skipping package `ifvtex' (already loaded).
Package: intcalc 2016/05/16 v1.2 Expandable calculations with integers (HO)
Package hobsub Info: Skipping package `ifpdf' (already loaded).
Package: etexcmds 2016/05/16 v1.6 Avoid name clashes with e-TeX commands (HO)
Package etexcmds Info: Could not find \expanded.
(etexcmds)             That can mean that you are not using pdfTeX 1.50 or
(etexcmds)             that some package has redefined \expanded.
(etexcmds)             In the latter case, load this package earlier.
Package: kvsetkeys 2016/05/16 v1.17 Key value parser (HO)
Package: kvdefinekeys 2016/05/16 v1.4 Define keys (HO)
Package: pdftexcmds 2016/05/10 v0.21 Utility functions of pdfTeX for LuaTeX (HO
)
Package pdftexcmds Info: LuaTeX not detected.
Package pdftexcmds Info: \pdf@primitive is available.
Package pdftexcmds Info: \pdf@ifprimitive is available.
Package pdftexcmds Info: \pdfdraftmode found.
Package: pdfescape 2016/05/16 v1.14 Implements pdfTeX's escape features (HO)
Package: bigintcalc 2016/05/16 v1.4 Expandable calculations on big integers (HO
)
Package: bitset 2016/05/16 v1.2 Handle bit-vector datatype (HO)
Package: uniquecounter 2016/05/16 v1.3 Provide unlimited unique counter (HO)
)
Package hobsub Info: Skipping package `hobsub' (already loaded).
Package: letltxmacro 2016/05/16 v1.5 Let assignment for LaTeX macros (HO)
Package: hopatch 2016/05/16 v1.3 Wrapper for package hooks (HO)
Package: xcolor-patch 2016/05/16 xcolor patch
Package: atveryend 2016/05/16 v1.9 Hooks at the very end of document (HO)
Package atveryend Info: \enddocument detected (standard20110627).
Package: atbegshi 2016/05/16 v1.17 At begin shipout hook (HO)
Package: refcount 2016/05/16 v3.5 Data extraction from label references (HO)
Package: hycolor 2016/05/16 v1.8 Color options for hyperref/bookmark (HO)
)
(/usr/local/texlive/2016/texmf-dist/tex/latex/oberdiek/auxhook.sty
Package: auxhook 2016/05/16 v1.4 Hooks for auxiliary files (HO)
)
(/usr/local/texlive/2016/texmf-dist/tex/latex/oberdiek/kvoptions.sty
Package: kvoptions 2016/05/16 v3.12 Key value format for package options (HO)
)
\@linkdim=\dimen151
\Hy@linkcounter=\count102
\Hy@pagecounter=\count103

(/usr/local/texlive/2016/texmf-dist/tex/latex/hyperref/pd1enc.def
File: pd1enc.def 2016/05/05 v6.83n Hyperref: PDFDocEncoding definition (HO)
)
\Hy@SavedSpaceFactor=\count104

(/usr/local/texlive/2016/texmf-dist/tex/latex/latexconfig/hyperref.cfg
File: hyperref.cfg 2002/06/06 v1.2 hyperref configuration of TeXLive
)
Package hyperref Info: Hyper figures OFF on input line 4446.
Package hyperref Info: Link nesting OFF on input line 4451.
Package hyperref Info: Hyper index ON on input line 4454.
Package hyperref Info: Plain pages OFF on input line 4461.
Package hyperref Info: Backreferencing OFF on input line 4466.
Package hyperref Info: Implicit mode ON; LaTeX internals redefined.
Package hyperref Info: Bookmarks ON on input line 4691.
\c@Hy@tempcnt=\count105
LaTeX Info: Redefining \url on input line 5044.
\XeTeXLinkMargin=\dimen152
\Fld@menulength=\count106
\Field@Width=\dimen153
\Fld@charsize=\dimen154
Package hyperref Info: Hyper figures OFF on input line 6298.
Package hyperref Info: Link nesting OFF on input line 6303.
Package hyperref Info: Hyper index ON on input line 6306.
Package hyperref Info: backreferencing OFF on input line 6313.
Package hyperref Info: Link coloring OFF on input line 6318.
Package hyperref Info: Link coloring with OCG OFF on input line 6323.
Package hyperref Info: PDF/A mode OFF on input line 6328.
LaTeX Info: Redefining \ref on input line 6368.
LaTeX Info: Redefining \pageref on input line 6372.
\Hy@abspage=\count107
\c@Item=\count108
\c@Hfootnote=\count109
)

Package hyperref Message: Driver (autodetected): hpdftex.

(/usr/local/texlive/2016/texmf-dist/tex/latex/hyperref/hpdftex.def
File: hpdftex.def 2016/05/05 v6.83n Hyperref driver for pdfTeX
\Fld@listcount=\count110
\c@bookmark@seq@number=\count111

(/usr/local/texlive/2016/texmf-dist/tex/latex/oberdiek/rerunfilecheck.sty
Package: rerunfilecheck 2016/05/16 v1.8 Rerun checks for auxiliary files (HO)
Package uniquecounter Info: New unique counter `rerunfilecheck' on input line 2
82.
)
\Hy@SectionHShift=\skip45
)
(/usr/local/texlive/2016/texmf-dist/tex/latex/oberdiek/hypcap.sty
Package: hypcap 2016/05/16 v1.12 Adjusting the anchors of captions (HO)
)
Package hyperref Info: Option `colorlinks' set `true' on input line 1356.
Package hyperref Info: Option `breaklinks' set `true' on input line 1356.
Package hyperref Info: Option `plainpages' set `false' on input line 1356.


Package hyperref Warning: Option `hyperfootnotes' has already been used,
(hyperref)                setting the option has no effect on input line 1356.

Package hyperref Info: Option `bookmarksopen' set `true' on input line 1356.
Package hyperref Info: Option `bookmarksnumbered' set `false' on input line 135
6.
) (/usr/local/texlive/2016/texmf-dist/tex/latex/base/latexsym.sty
Package: latexsym 1998/08/17 v2.2e Standard LaTeX package (lasy symbols)
\symlasy=\mathgroup4
LaTeX Font Info:    Overwriting symbol font `lasy' in version `bold'
(Font)                  U/lasy/m/n --> U/lasy/b/n on input line 52.
)
(/usr/local/texlive/2016/texmf-dist/tex/latex/graphics/graphicx.sty
Package: graphicx 2014/10/28 v1.0g Enhanced LaTeX Graphics (DPC,SPQR)

(/usr/local/texlive/2016/texmf-dist/tex/latex/graphics/graphics.sty
Package: graphics 2016/05/09 v1.0r Standard LaTeX Graphics (DPC,SPQR)

(/usr/local/texlive/2016/texmf-dist/tex/latex/graphics/trig.sty
Package: trig 2016/01/03 v1.10 sin cos tan (DPC)
)
(/usr/local/texlive/2016/texmf-dist/tex/latex/graphics-cfg/graphics.cfg
File: graphics.cfg 2016/01/02 v1.10 sample graphics configuration
)
Package graphics Info: Driver file: pdftex.def on input line 96.
)
\Gin@req@height=\dimen155
\Gin@req@width=\dimen156
)
(/usr/local/texlive/2016/texmf-dist/tex/latex/tools/multicol.sty
Package: multicol 2016/04/07 v1.8p multicolumn formatting (FMi)
\c@tracingmulticols=\count112
\mult@box=\box33
\multicol@leftmargin=\dimen157
\c@unbalance=\count113
\c@collectmore=\count114
\doublecol@number=\count115
\multicoltolerance=\count116
\multicolpretolerance=\count117
\full@width=\dimen158
\page@free=\dimen159
\premulticols=\dimen160
\postmulticols=\dimen161
\multicolsep=\skip46
\multicolbaselineskip=\skip47
\partial@page=\box34
\last@line=\box35
\maxbalancingoverflow=\dimen162
\mult@rightbox=\box36
\mult@grightbox=\box37
\mult@gfirstbox=\box38
\mult@firstbox=\box39
\@tempa=\box40
\@tempa=\box41
\@tempa=\box42
\@tempa=\box43
\@tempa=\box44
\@tempa=\box45
\@tempa=\box46
\@tempa=\box47
\@tempa=\box48
\@tempa=\box49
\@tempa=\box50
\@tempa=\box51
\@tempa=\box52
\@tempa=\box53
\@tempa=\box54
\@tempa=\box55
\@tempa=\box56
\c@columnbadness=\count118
\c@finalcolumnbadness=\count119
\last@try=\dimen163
\multicolovershoot=\dimen164
\multicolundershoot=\dimen165
\mult@nat@firstbox=\box57
\colbreak@box=\box58
\mc@col@check@num=\count120
)
(/usr/local/texlive/2016/texmf-dist/tex/latex/multirow/multirow.sty
\bigstrutjot=\dimen166
)
(/usr/local/texlive/2016/texmf-dist/tex/latex/amsmath/amsmath.sty
Package: amsmath 2016/03/10 v2.15b AMS math features
\@mathmargin=\skip48

For additional information on amsmath, use the `?' option.
(/usr/local/texlive/2016/texmf-dist/tex/latex/amsmath/amstext.sty
Package: amstext 2000/06/29 v2.01 AMS text

(/usr/local/texlive/2016/texmf-dist/tex/latex/amsmath/amsgen.sty
File: amsgen.sty 1999/11/30 v2.0 generic functions
\@emptytoks=\toks21
\ex@=\dimen167
))
(/usr/local/texlive/2016/texmf-dist/tex/latex/amsmath/amsbsy.sty
Package: amsbsy 1999/11/29 v1.2d Bold Symbols
\pmbraise@=\dimen168
)
(/usr/local/texlive/2016/texmf-dist/tex/latex/amsmath/amsopn.sty
Package: amsopn 2016/03/08 v2.02 operator names
)
\inf@bad=\count121
LaTeX Info: Redefining \frac on input line 199.
\uproot@=\count122
\leftroot@=\count123
LaTeX Info: Redefining \overline on input line 297.
\classnum@=\count124
\DOTSCASE@=\count125
LaTeX Info: Redefining \ldots on input line 394.
LaTeX Info: Redefining \dots on input line 397.
LaTeX Info: Redefining \cdots on input line 518.
\Mathstrutbox@=\box59
\strutbox@=\box60
\big@size=\dimen169
LaTeX Font Info:    Redeclaring font encoding OML on input line 634.
LaTeX Font Info:    Redeclaring font encoding OMS on input line 635.
\macc@depth=\count126
\c@MaxMatrixCols=\count127
\dotsspace@=\muskip11
\c@parentequation=\count128
\dspbrk@lvl=\count129
\tag@help=\toks22
\row@=\count130
\column@=\count131
\maxfields@=\count132
\andhelp@=\toks23
\eqnshift@=\dimen170
\alignsep@=\dimen171
\tagshift@=\dimen172
\tagwidth@=\dimen173
\totwidth@=\dimen174
\lineht@=\dimen175
\@envbody=\toks24
\multlinegap=\skip49
\multlinetaggap=\skip50
\mathdisplay@stack=\toks25
LaTeX Info: Redefining \[ on input line 2739.
LaTeX Info: Redefining \] on input line 2740.
)
(/usr/local/texlive/2016/texmf-dist/tex/latex/amsfonts/amssymb.sty
Package: amssymb 2013/01/14 v3.01 AMS font symbols

(/usr/local/texlive/2016/texmf-dist/tex/latex/amsfonts/amsfonts.sty
Package: amsfonts 2013/01/14 v3.01 Basic AMSFonts support
\symAMSa=\mathgroup5
\symAMSb=\mathgroup6
LaTeX Font Info:    Overwriting math alphabet `\mathfrak' in version `bold'
(Font)                  U/euf/m/n --> U/euf/b/n on input line 106.
))
(/usr/local/texlive/2016/texmf-dist/tex/latex/jknapltx/mathrsfs.sty
Package: mathrsfs 1996/01/01 Math RSFS package v1.0 (jk)
\symrsfs=\mathgroup7
)
(/usr/local/texlive/2016/texmf-dist/tex/latex/amscls/amsthm.sty
Package: amsthm 2015/03/04 v2.20.2
\thm@style=\toks26
\thm@bodyfont=\toks27
\thm@headfont=\toks28
\thm@notefont=\toks29
\thm@headpunct=\toks30
\thm@preskip=\skip51
\thm@postskip=\skip52
\thm@headsep=\skip53
\dth@everypar=\toks31
)
(/usr/local/texlive/2016/texmf-dist/tex/latex/apacite/apacite.sty
Package: apacite 2013/07/21 v6.03 APA citation
\c@BibCnt=\count133
\bibleftmargin=\skip54
\bibindent=\skip55
\bibparsep=\skip56
\bibitemsep=\skip57
\biblabelsep=\skip58
)
(/usr/local/texlive/2016/texmf-dist/tex/latex/rotating/rotating.sty
Package: rotating 2009/03/28 v2.16a rotated objects in LaTeX

(/usr/local/texlive/2016/texmf-dist/tex/latex/base/ifthen.sty
Package: ifthen 2014/09/29 v1.1c Standard LaTeX ifthen package (DPC)
)
\c@r@tfl@t=\count134
\rotFPtop=\skip59
\rotFPbot=\skip60
\rot@float@box=\box61
\rot@mess@toks=\toks32
)
(/usr/local/texlive/2016/texmf-dist/tex/latex/appendix/appendix.sty
Package: appendix 2009/09/02 v1.2b extra appendix facilities
\c@@pps=\count135
\c@@ppsavesec=\count136
\c@@ppsaveapp=\count137
)
(/usr/local/texlive/2016/texmf-dist/tex/latex/natbib/natbib.sty
Package: natbib 2010/09/13 8.31b (PWD, AO)
\bibhang=\skip61
\bibsep=\skip62
LaTeX Info: Redefining \cite on input line 694.
LaTeX Info: Redefining \citeauthor on input line 712.
LaTeX Info: Redefining \citeyear on input line 735.
\c@NAT@ctr=\count138
)
(./gc-ks-paper.aux

Package natbib Warning: Citation `skabardonis1997improved' multiply defined.


Package natbib Warning: Citation `mtoi2014calibration' multiply defined.


Package natbib Warning: Citation `akcelik1991travel' multiply defined.


Package natbib Warning: Citation `rose1989estimating' multiply defined.

)
\openout1 = `gc-ks-paper.aux'.

LaTeX Font Info:    Checking defaults for OML/cmm/m/it on input line 28.
LaTeX Font Info:    ... okay on input line 28.
LaTeX Font Info:    Checking defaults for T1/cmr/m/n on input line 28.
LaTeX Font Info:    ... okay on input line 28.
LaTeX Font Info:    Checking defaults for OT1/cmr/m/n on input line 28.
LaTeX Font Info:    ... okay on input line 28.
LaTeX Font Info:    Checking defaults for OMS/cmsy/m/n on input line 28.
LaTeX Font Info:    ... okay on input line 28.
LaTeX Font Info:    Checking defaults for OMX/cmex/m/n on input line 28.
LaTeX Font Info:    ... okay on input line 28.
LaTeX Font Info:    Checking defaults for U/cmr/m/n on input line 28.
LaTeX Font Info:    ... okay on input line 28.
LaTeX Font Info:    Checking defaults for TS1/cmr/m/n on input line 28.
LaTeX Font Info:    Try loading font information for TS1+cmr on input line 28.
 (/usr/local/texlive/2016/texmf-dist/tex/latex/base/ts1cmr.fd
File: ts1cmr.fd 2014/09/29 v2.5h Standard LaTeX font definitions
)
LaTeX Font Info:    ... okay on input line 28.
LaTeX Font Info:    Checking defaults for PD1/pdf/m/n on input line 28.
LaTeX Font Info:    ... okay on input line 28.

(/usr/local/texlive/2016/texmf-dist/tex/context/base/mkii/supp-pdf.mkii
[Loading MPS to PDF converter (version 2006.09.02).]
\scratchcounter=\count139
\scratchdimen=\dimen176
\scratchbox=\box62
\nofMPsegments=\count140
\nofMParguments=\count141
\everyMPshowfont=\toks33
\MPscratchCnt=\count142
\MPscratchDim=\dimen177
\MPnumerator=\count143
\makeMPintoPDFobject=\count144
\everyMPtoPDFconversion=\toks34
) (/usr/local/texlive/2016/texmf-dist/tex/latex/psnfss/times.sty
Package: times 2005/04/12 PSNFSS-v9.2a (SPQR) 
)
(/usr/local/texlive/2016/texmf-dist/tex/latex/sourcesanspro/sourcesanspro.sty
Package: sourcesanspro 2015/01/11 v2.5 Adobe's Source Sans Pro typeface

(/usr/local/texlive/2016/texmf-dist/tex/latex/xkeyval/xkeyval.sty
Package: xkeyval 2014/12/03 v2.7a package option processing (HA)

(/usr/local/texlive/2016/texmf-dist/tex/generic/xkeyval/xkeyval.tex
(/usr/local/texlive/2016/texmf-dist/tex/generic/xkeyval/xkvutils.tex
\XKV@toks=\toks35
\XKV@tempa@toks=\toks36
)
\XKV@depth=\count145
File: xkeyval.tex 2014/12/03 v2.7a key=value parser (HA)
))
(/usr/local/texlive/2016/texmf-dist/tex/latex/base/fontenc.sty
Package: fontenc 2005/09/27 v1.99g Standard LaTeX package

(/usr/local/texlive/2016/texmf-dist/tex/latex/base/ot1enc.def
File: ot1enc.def 2005/09/27 v1.99g Standard LaTeX file
LaTeX Font Info:    Redeclaring font encoding OT1 on input line 48.
)
(/usr/local/texlive/2016/texmf-dist/tex/latex/ly1/ly1enc.def
File: ly1enc.def 2009/07/22 v0.7 TeX 'n ANSI encoding (DPC/KB)
)
(/usr/local/texlive/2016/texmf-dist/tex/latex/base/t1enc.def
File: t1enc.def 2005/09/27 v1.99g Standard LaTeX file
LaTeX Font Info:    Redeclaring font encoding T1 on input line 48.
)
LaTeX Font Info:    Try loading font information for T1+ptm on input line 105.

(/usr/local/texlive/2016/texmf-dist/tex/latex/psnfss/t1ptm.fd
File: t1ptm.fd 2001/06/04 font definitions for T1/ptm.
))
(/usr/local/texlive/2016/texmf-dist/tex/latex/mweights/mweights.sty
Package: mweights 2013/07/21 (Bob Tennent) Support package for multiple-weight 
font packages. 
LaTeX Info: Redefining \bfseries on input line 22.
LaTeX Info: Redefining \mdseries on input line 29.
LaTeX Info: Redefining \rmfamily on input line 36.
LaTeX Info: Redefining \sffamily on input line 53.
LaTeX Info: Redefining \ttfamily on input line 70.
))
(/usr/local/texlive/2016/texmf-dist/tex/latex/newtx/newtxmath.sty
Package: newtxmath 2016/03/27 v1.466

`newtxmath' v1.466, 2016/03/27 Math macros based on txfonts (msharpe)
(/usr/local/texlive/2016/texmf-dist/tex/generic/kastrup/binhex.tex)
\tx@Isdigit=\count146
LaTeX Font Info:    Redeclaring symbol font `operators' on input line 137.
LaTeX Font Info:    Overwriting symbol font `operators' in version `normal'
(Font)                  OT1/cmr/m/n --> OT1/ntxtlf/m/n on input line 137.
LaTeX Font Info:    Overwriting symbol font `operators' in version `bold'
(Font)                  OT1/cmr/bx/n --> OT1/ntxtlf/m/n on input line 137.
LaTeX Font Info:    Overwriting symbol font `operators' in version `bold'
(Font)                  OT1/ntxtlf/m/n --> OT1/ntxtlf/b/n on input line 138.
LaTeX Font Info:    Redeclaring math alphabet \mathsf on input line 144.
LaTeX Font Info:    Overwriting math alphabet `\mathsf' in version `normal'
(Font)                  OT1/cmss/m/n --> T1/SourceSansPro-LF/m/n on input line 
144.
LaTeX Font Info:    Overwriting math alphabet `\mathsf' in version `bold'
(Font)                  OT1/cmss/bx/n --> T1/SourceSansPro-LF/m/n on input line
 144.
LaTeX Font Info:    Redeclaring math alphabet \mathit on input line 145.
LaTeX Font Info:    Overwriting math alphabet `\mathit' in version `normal'
(Font)                  OT1/cmr/m/it --> OT1/ntxtlf/m/it on input line 145.
LaTeX Font Info:    Overwriting math alphabet `\mathit' in version `bold'
(Font)                  OT1/cmr/bx/it --> OT1/ntxtlf/m/it on input line 145.
LaTeX Font Info:    Redeclaring math alphabet \mathtt on input line 146.
LaTeX Font Info:    Overwriting math alphabet `\mathtt' in version `normal'
(Font)                  OT1/cmtt/m/n --> T1/pcr/m/n on input line 146.
LaTeX Font Info:    Overwriting math alphabet `\mathtt' in version `bold'
(Font)                  OT1/cmtt/m/n --> T1/pcr/m/n on input line 146.
LaTeX Font Info:    Redeclaring math alphabet \mathbf on input line 148.
LaTeX Font Info:    Overwriting math alphabet `\mathbf' in version `normal'
(Font)                  OT1/cmr/bx/n --> OT1/ntxtlf/b/n on input line 148.
LaTeX Font Info:    Overwriting math alphabet `\mathbf' in version `bold'
(Font)                  OT1/cmr/bx/n --> OT1/ntxtlf/b/n on input line 148.
LaTeX Font Info:    Overwriting math alphabet `\mathit' in version `bold'
(Font)                  OT1/ntxtlf/m/it --> OT1/ntxtlf/b/it on input line 149.
LaTeX Font Info:    Overwriting math alphabet `\mathsf' in version `bold'
(Font)                  T1/SourceSansPro-LF/m/n --> T1/SourceSansPro-LF/b/n on 
input line 150.
LaTeX Font Info:    Overwriting math alphabet `\mathtt' in version `bold'
(Font)                  T1/pcr/m/n --> T1/pcr/b/n on input line 151.
LaTeX Font Info:    Redeclaring symbol font `letters' on input line 197.
LaTeX Font Info:    Overwriting symbol font `letters' in version `normal'
(Font)                  OML/cmm/m/it --> OML/ntxmi/m/it on input line 197.
LaTeX Font Info:    Overwriting symbol font `letters' in version `bold'
(Font)                  OML/cmm/b/it --> OML/ntxmi/m/it on input line 197.
LaTeX Font Info:    Overwriting symbol font `letters' in version `bold'
(Font)                  OML/ntxmi/m/it --> OML/ntxmi/b/it on input line 198.
\symlettersA=\mathgroup8
LaTeX Font Info:    Overwriting symbol font `lettersA' in version `bold'
(Font)                  U/ntxmia/m/it --> U/ntxmia/b/it on input line 213.
LaTeX Font Info:    Redeclaring math alphabet \mathfrak on input line 215.
LaTeX Font Info:    Redeclaring symbol font `symbols' on input line 221.
LaTeX Font Info:    Overwriting symbol font `symbols' in version `normal'
(Font)                  OMS/cmsy/m/n --> OMS/ntxsy/m/n on input line 221.
LaTeX Font Info:    Overwriting symbol font `symbols' in version `bold'
(Font)                  OMS/cmsy/b/n --> OMS/ntxsy/m/n on input line 221.
LaTeX Font Info:    Overwriting symbol font `symbols' in version `bold'
(Font)                  OMS/ntxsy/m/n --> OMS/ntxsy/b/n on input line 222.
\symAMSm=\mathgroup9
LaTeX Font Info:    Overwriting symbol font `AMSm' in version `bold'
(Font)                  U/ntxsym/m/n --> U/ntxsym/b/n on input line 242.
\symsymbolsC=\mathgroup10
LaTeX Font Info:    Overwriting symbol font `symbolsC' in version `bold'
(Font)                  U/ntxsyc/m/n --> U/ntxsyc/b/n on input line 263.
LaTeX Font Info:    Redeclaring symbol font `largesymbols' on input line 276.
LaTeX Font Info:    Encoding `OMX' has changed to `LMX' for symbol font
(Font)              `largesymbols' in the math version `normal' on input line 2
76.
LaTeX Font Info:    Overwriting symbol font `largesymbols' in version `normal'
(Font)                  OMX/cmex/m/n --> LMX/ntxexx/m/n on input line 276.
LaTeX Font Info:    Encoding `OMX' has changed to `LMX' for symbol font
(Font)              `largesymbols' in the math version `bold' on input line 276
.
LaTeX Font Info:    Overwriting symbol font `largesymbols' in version `bold'
(Font)                  OMX/cmex/m/n --> LMX/ntxexx/m/n on input line 276.
LaTeX Font Info:    Overwriting symbol font `largesymbols' in version `bold'
(Font)                  LMX/ntxexx/m/n --> LMX/ntxexx/b/n on input line 277.
\symlargesymbolsTXA=\mathgroup11
LaTeX Font Info:    Overwriting symbol font `largesymbolsTXA' in version `bold'

(Font)                  U/ntxexa/m/n --> U/ntxexa/b/n on input line 291.
LaTeX Info: Redefining \not on input line 1749.
LaTeX Info: Redefining \textsquare on input line 1770.
LaTeX Info: Redefining \openbox on input line 1772.
)
*geometry* driver: auto-detecting
*geometry* detected driver: pdftex
*geometry* verbose mode - [ preamble ] result:
* driver: pdftex
* paper: custom
* layout: <same size as paper>
* layoutoffset:(h,v)=(0.0pt,0.0pt)
* bindingoffset: 17.07164pt
* modes: twoside 
* h-part:(L,W,R)=(27.31464pt, 409.71968pt, 40.97198pt)
* v-part:(T,H,B)=(57.0pt, 612.5pt, 33.28307pt)
* \paperwidth=495.07794pt
* \paperheight=702.78307pt
* \textwidth=409.71968pt
* \textheight=612.5pt
* \oddsidemargin=-27.88371pt
* \evensidemargin=-31.298pt
* \topmargin=-41.76999pt
* \headheight=7.0pt
* \headsep=19.5pt
* \topskip=10.0pt
* \footskip=0.0pt
* \marginparwidth=28.45274pt
* \marginparsep=8.53581pt
* \columnsep=10.0pt
* \skip\footins=8.0pt plus 4.0pt
* \hoffset=0.0pt
* \voffset=0.0pt
* \mag=1000
* \@twocolumnfalse
* \@twosidetrue
* \@mparswitchtrue
* \@reversemarginfalse
* (1in=72.27pt=25.4mm, 1cm=28.453pt)

Package lastpage Info: Please have a look at the pageslts package at
(lastpage)             https://www.ctan.org/pkg/pageslts
(lastpage)             ! on input line 28.
Package caption Info: Begin \AtBeginDocument code.
Package caption Info: hyperref package is loaded.
Package caption Info: hypcap package is loaded.
Package caption Info: rotating package is loaded.
Package caption Info: End \AtBeginDocument code.
\AtBeginShipoutBox=\box63
Package hyperref Info: Link coloring ON on input line 28.
(/usr/local/texlive/2016/texmf-dist/tex/latex/hyperref/nameref.sty
Package: nameref 2012/10/27 v2.43 Cross-referencing by name of section

(/usr/local/texlive/2016/texmf-dist/tex/generic/oberdiek/gettitlestring.sty
Package: gettitlestring 2016/05/16 v1.5 Cleanup title references (HO)
)
\c@section@level=\count147
)
LaTeX Info: Redefining \ref on input line 28.
LaTeX Info: Redefining \pageref on input line 28.
LaTeX Info: Redefining \nameref on input line 28.

(./gc-ks-paper.out) (./gc-ks-paper.out)
\@outlinefile=\write3
\openout3 = `gc-ks-paper.out'.


(/usr/local/texlive/2016/texmf-dist/tex/latex/oberdiek/epstopdf-base.sty
Package: epstopdf-base 2016/05/15 v2.6 Base part for package epstopdf

(/usr/local/texlive/2016/texmf-dist/tex/latex/oberdiek/grfext.sty
Package: grfext 2016/05/16 v1.2 Manage graphics extensions (HO)
)
Package grfext Info: Graphics extension search list:
(grfext)             [.png,.pdf,.jpg,.mps,.jpeg,.jbig2,.jb2,.PNG,.PDF,.JPG,.JPE
G,.JBIG2,.JB2,.eps]
(grfext)             \AppendGraphicsExtensions on input line 456.

(/usr/local/texlive/2016/texmf-dist/tex/latex/latexconfig/epstopdf-sys.cfg
File: epstopdf-sys.cfg 2010/07/13 v1.3 Configuration of (r)epstopdf for TeX Liv
e
))
\c@maskedRefs=\count148

(/usr/local/texlive/2016/texmf-dist/tex/latex/apacite/english.apc
File: english.apc 2013/07/21 v6.03 apacite language file
LaTeX Info: Redefining \BPBI on input line 129.
LaTeX Info: Redefining \BHBI on input line 130.
)
LaTeX Font Info:    Try loading font information for T1+SourceSansPro-LF on inp
ut line 48.

(/usr/local/texlive/2016/texmf-dist/tex/latex/sourcesanspro/T1SourceSansPro-LF.
fd
File: T1SourceSansPro-LF.fd 2015/01/11 (autoinst) Font definitions for T1/Sourc
eSansPro-LF.
)
LaTeX Font Info:    Font shape `T1/SourceSansPro-LF/sb/n' will be
(Font)              scaled to size 9.0pt on input line 48.
LaTeX Font Info:    Font shape `T1/SourceSansPro-LF/sb/n' will be
(Font)              scaled to size 8.5pt on input line 52.
LaTeX Font Info:    Font shape `T1/SourceSansPro-LF/sb/n' will be
(Font)              scaled to size 16.0pt on input line 52.
LaTeX Font Info:    Try loading font information for OT1+ntxtlf on input line 5
2.
 (/usr/local/texlive/2016/texmf-dist/tex/latex/newtx/ot1ntxtlf.fd
File: ot1ntxtlf.fd 2015/01/17 v1.0 font definition file for OT1/ntx/tlf
)
LaTeX Font Info:    Try loading font information for OML+ntxmi on input line 52
.

(/usr/local/texlive/2016/texmf-dist/tex/latex/newtx/omlntxmi.fd
File: omlntxmi.fd 2015/08/25 Fontinst v1.933 font definitions for OML/ntxmi.
)
LaTeX Font Info:    Try loading font information for OMS+ntxsy on input line 52
.

(/usr/local/texlive/2016/texmf-dist/tex/latex/newtx/omsntxsy.fd
File: omsntxsy.fd 2012/11/14 Fontinst v1.933 font definitions for OMS/ntxsy.
)
LaTeX Font Info:    Try loading font information for U+lasy on input line 52.

(/usr/local/texlive/2016/texmf-dist/tex/latex/base/ulasy.fd
File: ulasy.fd 1998/08/17 v2.2e LaTeX symbol font definitions
)

LaTeX Font Warning: Font shape `U/lasy/m/n' in size <5.5> not available
(Font)              size <5> substituted on input line 52.

LaTeX Font Info:    Try loading font information for U+msa on input line 52.
(/usr/local/texlive/2016/texmf-dist/tex/latex/amsfonts/umsa.fd
File: umsa.fd 2013/01/14 v3.01 AMS symbols A
)
LaTeX Font Info:    Try loading font information for U+msb on input line 52.

(/usr/local/texlive/2016/texmf-dist/tex/latex/amsfonts/umsb.fd
File: umsb.fd 2013/01/14 v3.01 AMS symbols B
)
LaTeX Font Info:    Try loading font information for U+rsfs on input line 52.

(/usr/local/texlive/2016/texmf-dist/tex/latex/jknapltx/ursfs.fd
File: ursfs.fd 1998/03/24 rsfs font definition file (jk)
)

LaTeX Font Warning: Font shape `U/rsfs/m/n' in size <5.5> not available
(Font)              size <5> substituted on input line 52.

LaTeX Font Info:    Try loading font information for U+ntxmia on input line 52.

(/usr/local/texlive/2016/texmf-dist/tex/latex/newtx/untxmia.fd
File: untxmia.fd 2012/04/16 Fontinst v1.933 font definitions for U/ntxmia.
)
LaTeX Font Info:    Try loading font information for U+ntxsym on input line 52.


(/usr/local/texlive/2016/texmf-dist/tex/latex/newtx/untxsym.fd
File: untxsym.fd 2015/03/20 Fontinst v1.933 font definitions for U/ntxsym.
)
LaTeX Font Info:    Try loading font information for U+ntxsyc on input line 52.


(/usr/local/texlive/2016/texmf-dist/tex/latex/newtx/untxsyc.fd
File: untxsyc.fd 2012/04/12 Fontinst v1.933 font definitions for U/ntxsyc.
)
LaTeX Font Info:    Try loading font information for U+ntxexa on input line 52.


(/usr/local/texlive/2016/texmf-dist/tex/latex/newtx/untxexa.fd
File: untxexa.fd 2012/04/16 Fontinst v1.933 font definitions for U/ntxexa.
)
LaTeX Font Info:    Font shape `T1/ptm/bx/n' in size <8> not available
(Font)              Font shape `T1/ptm/b/n' tried instead on input line 52.

Underfull \vbox (badness 10000) has occurred while \output is active []

Package epstopdf Info: Source file: <DCE_article_logo.eps>
(epstopdf)                    date: 2019-11-25 15:11:48
(epstopdf)                    size: 985270 bytes
(epstopdf)             Output file: <DCE_article_logo-eps-converted-to.pdf>
(epstopdf)                    date: 2020-02-05 16:28:45
(epstopdf)                    size: 36609 bytes
(epstopdf)             Command: <repstopdf --outfile=DCE_article_logo-eps-conve
rted-to.pdf DCE_article_logo.eps>
(epstopdf)             \includegraphics on input line 57.
Package epstopdf Info: Output file is already uptodate.

<DCE_article_logo-eps-converted-to.pdf, id=120, 108.405pt x 25.09375pt>
File: DCE_article_logo-eps-converted-to.pdf Graphic file (type pdf)

<use DCE_article_logo-eps-converted-to.pdf>
Package pdftex.def Info: DCE_article_logo-eps-converted-to.pdf used on input li
ne 57.
(pdftex.def)             Requested size: 108.40472pt x 25.09367pt.

Overfull \vbox (20.09367pt too high) has occurred while \output is active []

LaTeX Font Info:    Font shape `T1/ptm/bx/n' in size <7> not available
(Font)              Font shape `T1/ptm/b/n' tried instead on input line 57.

Underfull \hbox (badness 10000) has occurred while \output is active
[]
 []


Overfull \vbox (4.56999pt too high) has occurred while \output is active []


Underfull \hbox (badness 10000) has occurred while \output is active
[][]
 []

LaTeX Font Info:    Try loading font information for TS1+ptm on input line 57.
(/usr/local/texlive/2016/texmf-dist/tex/latex/psnfss/ts1ptm.fd
File: ts1ptm.fd 2001/06/04 font definitions for TS1/ptm.
)
Underfull \vbox (badness 10000) has occurred while \output is active []

 [1{/usr/local/texlive/2016/texmf-var/fonts/map/pdftex/updmap/pdftex.map}

 <./DCE_article_logo-eps-converted-to.pdf>]
LaTeX Font Info:    Font shape `T1/SourceSansPro-LF/sb/n' will be
(Font)              scaled to size 9.5pt on input line 62.
 [2]

LaTeX Warning: `!h' float specifier changed to `!ht'.

<Picture22.png, id=198, 216.3282pt x 168.63pt>
File: Picture22.png Graphic file (type png)
 <use Picture22.png>
Package pdftex.def Info: Picture22.png used on input line 150.
(pdftex.def)             Requested size: 307.28975pt x 239.55147pt.

Overfull \hbox (20.40854pt too wide) in paragraph at lines 151--151
[]\T1/ptm/b/n/7.25 Figure 
 []


Overfull \hbox (3.625pt too wide) in paragraph at lines 151--151
\T1/ptm/b/n/7.25 1 
 []


Overfull \hbox (13.69514pt too wide) in paragraph at lines 151--151
[]\T1/ptm/m/n/7.25 ATC 
 []


Overfull \hbox (16.90685pt too wide) in paragraph at lines 151--151
\T1/ptm/m/n/7.25 Loca- 
 []


Overfull \hbox (14.10103pt too wide) in paragraph at lines 151--151
\T1/ptm/m/n/7.25 tions 
 []


Overfull \hbox (5.64043pt too wide) in paragraph at lines 151--151
\T1/ptm/m/n/7.25 in 
 []


Overfull \hbox (21.73517pt too wide) in paragraph at lines 151--151
\T1/ptm/m/n/7.25 Greater 
 []


Overfull \hbox (14.09395pt too wide) in paragraph at lines 151--151
\T1/ptm/m/n/7.25 Lon- 
 []


Overfull \hbox (10.875pt too wide) in paragraph at lines 151--151
\T1/ptm/m/n/7.25 don 
 []


Overfull \hbox (14.08658pt too wide) in paragraph at lines 151--151
\T1/ptm/m/n/7.25 Area 
 []


Overfull \hbox (20.33601pt too wide) in paragraph at lines 151--151
\T1/ptm/m/n/7.25 ([][]Maps[][], 
 []


Overfull \hbox (16.91422pt too wide) in paragraph at lines 151--151
[][]\T1/ptm/m/n/7.25 2017[][]) 
 []


Overfull \hbox (12.89032pt too wide) in paragraph at lines 151--151
\T1/ptm/m/n/7.25 with 
 []


Overfull \hbox (12.07841pt too wide) in paragraph at lines 151--151
\T1/ptm/m/n/7.25 DfT 
 []


Overfull \hbox (13.89082pt too wide) in paragraph at lines 151--151
\T1/ptm/m/n/7.25 data. 
 []


Overfull \hbox (11.27368pt too wide) in paragraph at lines 151--151
\T1/ptm/m/n/7.25 The 
 []


Overfull \hbox (9.25816pt too wide) in paragraph at lines 151--151
\T1/ptm/m/n/7.25 red 
 []


Overfull \hbox (10.8749pt too wide) in paragraph at lines 151--151
\T1/ptm/m/n/7.25 flag 
 []


Overfull \hbox (14.90567pt too wide) in paragraph at lines 151--151
\T1/ptm/m/n/7.25 illus- 
 []


Overfull \hbox (15.70314pt too wide) in paragraph at lines 151--151
\T1/ptm/m/n/7.25 trates 
 []


Overfull \hbox (8.85938pt too wide) in paragraph at lines 151--151
\T1/ptm/m/n/7.25 the 
 []


Overfull \hbox (14.49254pt too wide) in paragraph at lines 151--151
\T1/ptm/m/n/7.25 loca- 
 []


Overfull \hbox (11.28085pt too wide) in paragraph at lines 151--151
\T1/ptm/m/n/7.25 tion 
 []


Overfull \hbox (6.03922pt too wide) in paragraph at lines 151--151
\T1/ptm/m/n/7.25 of 
 []


Overfull \hbox (8.85938pt too wide) in paragraph at lines 151--151
\T1/ptm/m/n/7.25 the 
 []


Overfull \hbox (13.69514pt too wide) in paragraph at lines 151--151
\T1/ptm/m/n/7.25 ATC 
 []


Overfull \hbox (16.31212pt too wide) in paragraph at lines 151--151
\T1/ptm/m/n/7.25 itself. 
 []


Overfull \hbox (11.27368pt too wide) in paragraph at lines 151--151
\T1/ptm/m/n/7.25 The 
 []


Overfull \hbox (12.48438pt too wide) in paragraph at lines 151--151
\T1/ptm/m/n/7.25 blue 
 []


Overfull \hbox (13.69507pt too wide) in paragraph at lines 151--151
\T1/ptm/m/n/7.25 flags 
 []


Overfull \hbox (14.90567pt too wide) in paragraph at lines 151--151
\T1/ptm/m/n/7.25 illus- 
 []


Overfull \hbox (12.88297pt too wide) in paragraph at lines 151--151
\T1/ptm/m/n/7.25 trate 
 []


Overfull \hbox (8.85938pt too wide) in paragraph at lines 151--151
\T1/ptm/m/n/7.25 the 
 []


Overfull \hbox (10.46886pt too wide) in paragraph at lines 151--151
\T1/ptm/m/n/7.25 ori- 
 []


Overfull \hbox (9.26543pt too wide) in paragraph at lines 151--151
\T1/ptm/m/n/7.25 gin 
 []


Overfull \hbox (10.46895pt too wide) in paragraph at lines 151--151
\T1/ptm/m/n/7.25 and 
 []


Overfull \hbox (12.07834pt too wide) in paragraph at lines 151--151
\T1/ptm/m/n/7.25 des- 
 []


Overfull \hbox (6.44507pt too wide) in paragraph at lines 151--151
\T1/ptm/m/n/7.25 ti- 
 []


Overfull \hbox (9.25816pt too wide) in paragraph at lines 151--151
\T1/ptm/m/n/7.25 na- 
 []


Overfull \hbox (11.28085pt too wide) in paragraph at lines 151--151
\T1/ptm/m/n/7.25 tion 
 []


Overfull \hbox (14.49254pt too wide) in paragraph at lines 151--151
\T1/ptm/m/n/7.25 loca- 
 []


Overfull \hbox (14.10103pt too wide) in paragraph at lines 151--151
\T1/ptm/m/n/7.25 tions 
 []


Overfull \hbox (15.29729pt too wide) in paragraph at lines 151--151
\T1/ptm/m/n/7.25 spec- 
 []


Overfull \hbox (4.42964pt too wide) in paragraph at lines 151--151
\T1/ptm/m/n/7.25 i- 
 []


Overfull \hbox (10.8749pt too wide) in paragraph at lines 151--151
\T1/ptm/m/n/7.25 fied 
 []


Overfull \hbox (5.64043pt too wide) in paragraph at lines 151--151
\T1/ptm/m/n/7.25 in 
 []


Overfull \hbox (15.29738pt too wide) in paragraph at lines 151--151
\T1/ptm/m/n/7.25 order 
 []


Overfull \hbox (5.64043pt too wide) in paragraph at lines 151--151
\T1/ptm/m/n/7.25 to 
 []


Overfull \hbox (11.5274pt too wide) in paragraph at lines 151--151
\T1/ptm/m/n/7.25 har- 
 []


Overfull \hbox (11.57086pt too wide) in paragraph at lines 151--151
\T1/ptm/m/n/7.25 vest 
 []


Overfull \hbox (13.94888pt too wide) in paragraph at lines 151--151
\T1/ptm/m/n/7.25 jour- 
 []


Overfull \hbox (10.36026pt too wide) in paragraph at lines 151--151
\T1/ptm/m/n/7.25 ney 
 []


Overfull \hbox (12.89023pt too wide) in paragraph at lines 151--151
\T1/ptm/m/n/7.25 time 
 []


Overfull \hbox (36.04659pt too wide) in paragraph at lines 151--151
\T1/ptm/m/n/7.25 information.[]  
 []


LaTeX Warning: `!h' float specifier changed to `!ht'.


Underfull \vbox (badness 10000) has occurred while \output is active []

 [3]

LaTeX Warning: `!h' float specifier changed to `!ht'.


Underfull \vbox (badness 10000) has occurred while \output is active []

 [4 <./Picture22.png>] <Picture23.png, id=244, 216.3282pt x 174.8934pt>
File: Picture23.png Graphic file (type png)

<use Picture23.png>
Package pdftex.def Info: Picture23.png used on input line 208.
(pdftex.def)             Requested size: 307.28975pt x 248.44911pt.

Overfull \hbox (20.40854pt too wide) in paragraph at lines 209--209
[]\T1/ptm/b/n/7.25 Figure 
 []


Overfull \hbox (3.625pt too wide) in paragraph at lines 209--209
\T1/ptm/b/n/7.25 2 
 []


Overfull \hbox (21.34384pt too wide) in paragraph at lines 209--209
[]\T1/ptm/m/n/7.25 Google 
 []


Overfull \hbox (16.1093pt too wide) in paragraph at lines 209--209
\T1/ptm/m/n/7.25 Maps 
 []


Overfull \hbox (14.63759pt too wide) in paragraph at lines 209--209
\T1/ptm/m/n/7.25 Traf- 
 []


Overfull \hbox (7.2499pt too wide) in paragraph at lines 209--209
\T1/ptm/m/n/7.25 fic 
 []


Overfull \hbox (18.42941pt too wide) in paragraph at lines 209--209
\T1/ptm/m/n/7.25 Layer, 
 []


Overfull \hbox (16.10928pt too wide) in paragraph at lines 209--209
\T1/ptm/m/n/7.25 Cam- 
 []


Overfull \hbox (89.73227pt too wide) in paragraph at lines 209--209
\T1/ptm/m/n/7.25 den/Soho/Marylebone/Mayfair 
 []


Overfull \hbox (12.07106pt too wide) in paragraph at lines 209--209
\T1/ptm/m/n/7.25 area 
 []


Overfull \hbox (6.03922pt too wide) in paragraph at lines 209--209
\T1/ptm/m/n/7.25 of 
 []


Overfull \hbox (14.09395pt too wide) in paragraph at lines 209--209
\T1/ptm/m/n/7.25 Lon- 
 []


Overfull \hbox (10.875pt too wide) in paragraph at lines 209--209
\T1/ptm/m/n/7.25 don 
 []


Overfull \hbox (20.33601pt too wide) in paragraph at lines 209--209
\T1/ptm/m/n/7.25 ([][]Maps[][], 
 []


Overfull \hbox (18.72672pt too wide) in paragraph at lines 209--209
[][]\T1/ptm/m/n/7.25 2017[][]).[]  
 []

[5] <Picture24.png, id=262, 216.3282pt x 70.3428pt>
File: Picture24.png Graphic file (type png)
 <use Picture24.png>
Package pdftex.def Info: Picture24.png used on input line 219.
(pdftex.def)             Requested size: 266.31528pt x 86.60269pt.

Overfull \hbox (20.40854pt too wide) in paragraph at lines 220--220
[]\T1/ptm/b/n/7.25 Figure 
 []


Overfull \hbox (3.625pt too wide) in paragraph at lines 220--220
\T1/ptm/b/n/7.25 3 
 []


Overfull \hbox (13.69514pt too wide) in paragraph at lines 220--220
[]\T1/ptm/m/n/7.25 ATC 
 []


Overfull \hbox (3.625pt too wide) in paragraph at lines 220--220
\T1/ptm/m/n/7.25 6 
 []


Overfull \hbox (14.8985pt too wide) in paragraph at lines 220--220
\T1/ptm/m/n/7.25 East- 
 []


Overfull \hbox (18.125pt too wide) in paragraph at lines 220--220
\T1/ptm/m/n/7.25 bound 
 []


Overfull \hbox (12.89032pt too wide) in paragraph at lines 220--220
\T1/ptm/m/n/7.25 with 
 []


Overfull \hbox (21.34384pt too wide) in paragraph at lines 220--220
\T1/ptm/m/n/7.25 defined 
 []


Overfull \hbox (10.46886pt too wide) in paragraph at lines 220--220
\T1/ptm/m/n/7.25 ori- 
 []


Overfull \hbox (9.26543pt too wide) in paragraph at lines 220--220
\T1/ptm/m/n/7.25 gin 
 []


Overfull \hbox (10.46895pt too wide) in paragraph at lines 220--220
\T1/ptm/m/n/7.25 and 
 []


Overfull \hbox (12.07834pt too wide) in paragraph at lines 220--220
\T1/ptm/m/n/7.25 des- 
 []


Overfull \hbox (6.44507pt too wide) in paragraph at lines 220--220
\T1/ptm/m/n/7.25 ti- 
 []


Overfull \hbox (9.25816pt too wide) in paragraph at lines 220--220
\T1/ptm/m/n/7.25 na- 
 []


Overfull \hbox (11.28085pt too wide) in paragraph at lines 220--220
\T1/ptm/m/n/7.25 tion 
 []


Overfull \hbox (17.72603pt too wide) in paragraph at lines 220--220
\T1/ptm/m/n/7.25 points 
 []


Overfull \hbox (20.33601pt too wide) in paragraph at lines 220--220
\T1/ptm/m/n/7.25 ([][]Maps[][], 
 []


Overfull \hbox (18.72672pt too wide) in paragraph at lines 220--220
[][]\T1/ptm/m/n/7.25 2017[][]).[]  
 []

[6 <./Picture23.png> <./Picture24.png>]
<Picture25.png, id=276, 794.97pt x 578.16pt>
File: Picture25.png Graphic file (type png)
 <use Picture25.png>
Package pdftex.def Info: Picture25.png used on input line 246.
(pdftex.def)             Requested size: 409.71968pt x 297.98068pt.

Overfull \hbox (20.40854pt too wide) in paragraph at lines 247--247
[]\T1/ptm/b/n/7.25 Figure 
 []


Overfull \hbox (3.625pt too wide) in paragraph at lines 247--247
\T1/ptm/b/n/7.25 4 
 []


Overfull \hbox (22.84465pt too wide) in paragraph at lines 247--247
[]\T1/ptm/m/n/7.25 Journey 
 []


Overfull \hbox (12.89023pt too wide) in paragraph at lines 247--247
\T1/ptm/m/n/7.25 time 
 []


Overfull \hbox (10.87482pt too wide) in paragraph at lines 247--247
\T1/ptm/m/n/7.25 dis- 
 []


Overfull \hbox (8.85928pt too wide) in paragraph at lines 247--247
\T1/ptm/m/n/7.25 tri- 
 []


Overfull \hbox (9.51924pt too wide) in paragraph at lines 247--247
\T1/ptm/m/n/7.25 bu- 
 []


Overfull \hbox (11.28085pt too wide) in paragraph at lines 247--247
\T1/ptm/m/n/7.25 tion 
 []


Overfull \hbox (16.90685pt too wide) in paragraph at lines 247--247
\T1/ptm/m/n/7.25 Loca- 
 []


Overfull \hbox (11.28085pt too wide) in paragraph at lines 247--247
\T1/ptm/m/n/7.25 tion 
 []


Overfull \hbox (7.25pt too wide) in paragraph at lines 247--247
\T1/ptm/m/n/7.25 67 
 []


Overfull \hbox (14.09386pt too wide) in paragraph at lines 247--247
\T1/ptm/m/n/7.25 (7th- 
 []


Overfull \hbox (12.89043pt too wide) in paragraph at lines 247--247
\T1/ptm/m/n/7.25 13th 
 []


Overfull \hbox (18.92229pt too wide) in paragraph at lines 247--247
\T1/ptm/m/n/7.25 March 
 []


Overfull \hbox (18.72672pt too wide) in paragraph at lines 247--247
\T1/ptm/m/n/7.25 2016).[]  
 []

[7]
Underfull \vbox (badness 10000) has occurred while \output is active []

 [8 <./Picture25.png>] [9] <Picture26.png, id=323, 462.0462pt x 404.2302pt>
File: Picture26.png Graphic file (type png)

<use Picture26.png>
Package pdftex.def Info: Picture26.png used on input line 299.
(pdftex.def)             Requested size: 409.71968pt x 358.45612pt.

Overfull \hbox (20.40854pt too wide) in paragraph at lines 300--300
[]\T1/ptm/b/n/7.25 Figure 
 []


Overfull \hbox (3.625pt too wide) in paragraph at lines 300--300
\T1/ptm/b/n/7.25 5 
 []


Overfull \hbox (29.80434pt too wide) in paragraph at lines 300--300
[]\T1/ptm/m/n/7.25 Saturation 
 []


Overfull \hbox (12.89023pt too wide) in paragraph at lines 300--300
\T1/ptm/m/n/7.25 time 
 []


Overfull \hbox (15.70332pt too wide) in paragraph at lines 300--300
\T1/ptm/m/n/7.25 delay 
 []


Overfull \hbox (15.99342pt too wide) in paragraph at lines 300--300
\T1/ptm/m/n/7.25 curve 
 []


Overfull \hbox (13.69514pt too wide) in paragraph at lines 300--300
\T1/ptm/m/n/7.25 ATC 
 []


Overfull \hbox (7.25pt too wide) in paragraph at lines 300--300
\T1/ptm/m/n/7.25 19 
 []


Overfull \hbox (14.8985pt too wide) in paragraph at lines 300--300
\T1/ptm/m/n/7.25 East- 
 []


Overfull \hbox (18.125pt too wide) in paragraph at lines 300--300
\T1/ptm/m/n/7.25 bound 
 []


Overfull \hbox (11.67964pt too wide) in paragraph at lines 300--300
\T1/ptm/m/n/7.25 (top 
 []


Overfull \hbox (13.89073pt too wide) in paragraph at lines 300--300
\T1/ptm/m/n/7.25 left), 
 []


Overfull \hbox (7.25pt too wide) in paragraph at lines 300--300
\T1/ptm/m/n/7.25 35 
 []


Overfull \hbox (15.71059pt too wide) in paragraph at lines 300--300
\T1/ptm/m/n/7.25 Sout- 
 []


Overfull \hbox (18.125pt too wide) in paragraph at lines 300--300
\T1/ptm/m/n/7.25 bound 
 []


Overfull \hbox (11.67964pt too wide) in paragraph at lines 300--300
\T1/ptm/m/n/7.25 (top 
 []


Overfull \hbox (17.92178pt too wide) in paragraph at lines 300--300
\T1/ptm/m/n/7.25 right), 
 []


Overfull \hbox (7.25pt too wide) in paragraph at lines 300--300
\T1/ptm/m/n/7.25 19 
 []


Overfull \hbox (14.09386pt too wide) in paragraph at lines 300--300
\T1/ptm/m/n/7.25 (bot- 
 []


Overfull \hbox (11.28085pt too wide) in paragraph at lines 300--300
\T1/ptm/m/n/7.25 tom 
 []


Overfull \hbox (21.14073pt too wide) in paragraph at lines 300--300
\T1/ptm/m/n/7.25 left),15 
 []


Overfull \hbox (14.09386pt too wide) in paragraph at lines 300--300
\T1/ptm/m/n/7.25 (bot- 
 []


Overfull \hbox (11.28085pt too wide) in paragraph at lines 300--300
\T1/ptm/m/n/7.25 tom 
 []


Overfull \hbox (17.92178pt too wide) in paragraph at lines 300--300
\T1/ptm/m/n/7.25 right).[]  
 []

[10 <./Picture26.png>] [11] <Picture27.png, id=338, 430.2474pt x 188.3838pt>
File: Picture27.png Graphic file (type png)

<use Picture27.png>
Package pdftex.def Info: Picture27.png used on input line 337.
(pdftex.def)             Requested size: 409.71968pt x 179.40625pt.

Overfull \hbox (20.40854pt too wide) in paragraph at lines 338--338
[]\T1/ptm/b/n/7.25 Figure 
 []


Overfull \hbox (3.625pt too wide) in paragraph at lines 338--338
\T1/ptm/b/n/7.25 6 
 []


Overfull \hbox (17.71884pt too wide) in paragraph at lines 338--338
[]\T1/ptm/m/n/7.25 Speed 
 []


Overfull \hbox (10.46877pt too wide) in paragraph at lines 338--338
\T1/ptm/m/n/7.25 sat- 
 []


Overfull \hbox (6.03922pt too wide) in paragraph at lines 338--338
\T1/ptm/m/n/7.25 u- 
 []


Overfull \hbox (8.04738pt too wide) in paragraph at lines 338--338
\T1/ptm/m/n/7.25 ra- 
 []


Overfull \hbox (11.28085pt too wide) in paragraph at lines 338--338
\T1/ptm/m/n/7.25 tion 
 []


Overfull \hbox (15.99342pt too wide) in paragraph at lines 338--338
\T1/ptm/m/n/7.25 curve 
 []


Overfull \hbox (13.69514pt too wide) in paragraph at lines 338--338
\T1/ptm/m/n/7.25 ATC 
 []


Overfull \hbox (7.25pt too wide) in paragraph at lines 338--338
\T1/ptm/m/n/7.25 19 
 []


Overfull \hbox (14.49245pt too wide) in paragraph at lines 338--338
\T1/ptm/m/n/7.25 (left) 
 []


Overfull \hbox (10.46895pt too wide) in paragraph at lines 338--338
\T1/ptm/m/n/7.25 and 
 []


Overfull \hbox (7.25pt too wide) in paragraph at lines 338--338
\T1/ptm/m/n/7.25 66 
 []


Overfull \hbox (20.336pt too wide) in paragraph at lines 338--338
\T1/ptm/m/n/7.25 (right).[]  
 []

[12 <./Picture27.png>] <Picture28.png, id=357, 214.8828pt x 187.902pt>
File: Picture28.png Graphic file (type png)

<use Picture28.png>
Package pdftex.def Info: Picture28.png used on input line 363.
(pdftex.def)             Requested size: 286.80252pt x 250.79819pt.
LaTeX Font Info:    Calculating math sizes for size <7.25> on input line 364.


LaTeX Font Warning: Font shape `U/lasy/m/n' in size <3.98752> not available
(Font)              size <5> substituted on input line 364.


LaTeX Font Warning: Font shape `U/rsfs/m/n' in size <3.98752> not available
(Font)              size <5> substituted on input line 364.


Overfull \hbox (20.40854pt too wide) in paragraph at lines 364--364
[]\T1/ptm/b/n/7.25 Figure 
 []


Overfull \hbox (3.625pt too wide) in paragraph at lines 364--364
\T1/ptm/b/n/7.25 7 
 []


Overfull \hbox (20.2038pt too wide) in paragraph at lines 364--364
[]$\OML/ntxmi/m/it/7.25 R[]$ 
 []


Overfull \hbox (15.70343pt too wide) in paragraph at lines 364--364
\T1/ptm/m/n/7.25 prob- 
 []


Overfull \hbox (5.63316pt too wide) in paragraph at lines 364--364
\T1/ptm/m/n/7.25 a- 
 []


Overfull \hbox (10.07007pt too wide) in paragraph at lines 364--364
\T1/ptm/m/n/7.25 bil- 
 []


Overfull \hbox (7.65585pt too wide) in paragraph at lines 364--364
\T1/ptm/m/n/7.25 ity 
 []


Overfull \hbox (12.88316pt too wide) in paragraph at lines 364--364
\T1/ptm/m/n/7.25 den- 
 []


Overfull \hbox (10.47603pt too wide) in paragraph at lines 364--364
\T1/ptm/m/n/7.25 sity 
 []


Overfull \hbox (15.29738pt too wide) in paragraph at lines 364--364
\T1/ptm/m/n/7.25 func- 
 []


Overfull \hbox (11.28085pt too wide) in paragraph at lines 364--364
\T1/ptm/m/n/7.25 tion 
 []


Overfull \hbox (8.45343pt too wide) in paragraph at lines 364--364
\T1/ptm/m/n/7.25 for 
 []


Overfull \hbox (21.45259pt too wide) in paragraph at lines 364--364
\T1/ptm/m/n/7.25 derived 
 []


Overfull \hbox (31.00778pt too wide) in paragraph at lines 364--364
\T1/ptm/m/n/7.25 saturation- 
 []


Overfull \hbox (15.70332pt too wide) in paragraph at lines 364--364
\T1/ptm/m/n/7.25 delay 
 []


Overfull \hbox (10.46895pt too wide) in paragraph at lines 364--364
\T1/ptm/m/n/7.25 and 
 []


Overfull \hbox (31.00778pt too wide) in paragraph at lines 364--364
\T1/ptm/m/n/7.25 saturation- 
 []


Overfull \hbox (16.50807pt too wide) in paragraph at lines 364--364
\T1/ptm/m/n/7.25 speed 
 []


Overfull \hbox (28.79669pt too wide) in paragraph at lines 364--364
\T1/ptm/m/n/7.25 functions.[]  
 []

<Picture29.png, id=358, 207.6558pt x 225.0006pt>
File: Picture29.png Graphic file (type png)
 <use Picture29.png>
Package pdftex.def Info: Picture29.png used on input line 370.
(pdftex.def)             Requested size: 286.80252pt x 310.80325pt.

Overfull \hbox (20.40854pt too wide) in paragraph at lines 371--371
[]\T1/ptm/b/n/7.25 Figure 
 []


Overfull \hbox (3.625pt too wide) in paragraph at lines 371--371
\T1/ptm/b/n/7.25 8 
 []


Overfull \hbox (23.76492pt too wide) in paragraph at lines 371--371
[]\T1/ptm/m/n/7.25 Satellite 
 []


Overfull \hbox (5.64043pt too wide) in paragraph at lines 371--371
\T1/ptm/m/n/7.25 & 
 []


Overfull \hbox (16.91391pt too wide) in paragraph at lines 371--371
\T1/ptm/m/n/7.25 Street 
 []


Overfull \hbox (15.08705pt too wide) in paragraph at lines 371--371
\T1/ptm/m/n/7.25 View 
 []


Overfull \hbox (20.53893pt too wide) in paragraph at lines 371--371
\T1/ptm/m/n/7.25 images 
 []


Overfull \hbox (6.03922pt too wide) in paragraph at lines 371--371
\T1/ptm/m/n/7.25 of 
 []


Overfull \hbox (13.69514pt too wide) in paragraph at lines 371--371
\T1/ptm/m/n/7.25 ATC 
 []


Overfull \hbox (7.25pt too wide) in paragraph at lines 371--371
\T1/ptm/m/n/7.25 66 
 []


Overfull \hbox (20.33601pt too wide) in paragraph at lines 371--371
\T1/ptm/m/n/7.25 ([][]Maps[][], 
 []


Overfull \hbox (18.72672pt too wide) in paragraph at lines 371--371
[][]\T1/ptm/m/n/7.25 2017[][]).[]  
 []

<Picture30.png, id=365, 1302.8675pt x 469.755pt>
File: Picture30.png Graphic file (type png)
 <use Picture30.png>
Package pdftex.def Info: Picture30.png used on input line 377.
(pdftex.def)             Requested size: 409.71968pt x 147.72273pt.

Overfull \hbox (20.40854pt too wide) in paragraph at lines 378--378
[]\T1/ptm/b/n/7.25 Figure 
 []


Overfull \hbox (3.625pt too wide) in paragraph at lines 378--378
\T1/ptm/b/n/7.25 9 
 []


Overfull \hbox (29.80434pt too wide) in paragraph at lines 378--378
[]\T1/ptm/m/n/7.25 Saturation 
 []


Overfull \hbox (12.89023pt too wide) in paragraph at lines 378--378
\T1/ptm/m/n/7.25 time 
 []


Overfull \hbox (15.70332pt too wide) in paragraph at lines 378--378
\T1/ptm/m/n/7.25 delay 
 []


Overfull \hbox (15.99342pt too wide) in paragraph at lines 378--378
\T1/ptm/m/n/7.25 curve 
 []


Overfull \hbox (13.69514pt too wide) in paragraph at lines 378--378
\T1/ptm/m/n/7.25 ATC 
 []


Overfull \hbox (3.625pt too wide) in paragraph at lines 378--378
\T1/ptm/m/n/7.25 9 
 []


Overfull \hbox (14.49245pt too wide) in paragraph at lines 378--378
\T1/ptm/m/n/7.25 (left) 
 []


Overfull \hbox (10.46895pt too wide) in paragraph at lines 378--378
\T1/ptm/m/n/7.25 and 
 []


Overfull \hbox (7.25pt too wide) in paragraph at lines 378--378
\T1/ptm/m/n/7.25 67 
 []


Overfull \hbox (20.336pt too wide) in paragraph at lines 378--378
\T1/ptm/m/n/7.25 (right).[]  
 []


Underfull \vbox (badness 10000) has occurred while \output is active []

 [13 <./Picture28.png>] [14 <./Picture29.png> <./Picture30.png>]
Underfull \vbox (badness 10000) has occurred while \output is active []

 [15]
LaTeX Font Info:    Font shape `T1/SourceSansPro-LF/sb/n' will be
(Font)              scaled to size 8.0pt on input line 415.
LaTeX Font Info:    Font shape `T1/SourceSansPro-LF/sb/n' will be
(Font)              scaled to size 10.0pt on input line 432.

[16pdfTeX warning (ext4): destination with the same identifier (name{cite.skaba
rdonis1997improved}) has been already used, duplicate ignored

\AtBegShi@Output ...ipout \box \AtBeginShipoutBox 
                                                  \fi \fi 
l.552 \bibitem[Barth, 2009]{google_traffic_blog}
                                                pdfTeX warning (ext4): destinat
ion with the same identifier (name{cite.mtoi2014calibration}) has been already 
used, duplicate ignored

\AtBegShi@Output ...ipout \box \AtBeginShipoutBox 
                                                  \fi \fi 
l.552 \bibitem[Barth, 2009]{google_traffic_blog}
                                                pdfTeX warning (ext4): destinat
ion with the same identifier (name{cite.akcelik1991travel}) has been already us
ed, duplicate ignored

\AtBegShi@Output ...ipout \box \AtBeginShipoutBox 
                                                  \fi \fi 
l.552 \bibitem[Barth, 2009]{google_traffic_blog}
                                                pdfTeX warning (ext4): destinat
ion with the same identifier (name{cite.rose1989estimating}) has been already u
sed, duplicate ignored

\AtBegShi@Output ...ipout \box \AtBeginShipoutBox 
                                                  \fi \fi 
l.552 \bibitem[Barth, 2009]{google_traffic_blog}
                                                ]

AED: lastpage setting LastPage
[17]

Package natbib Warning: There were multiply defined citations.

Package atveryend Info: Empty hook `BeforeClearDocument' on input line 618.
Package atveryend Info: Empty hook `AfterLastShipout' on input line 618.
(./gc-ks-paper.aux

Package natbib Warning: Citation(s) may have changed.
(natbib)                Rerun to get citations correct.

)
Package atveryend Info: Executing hook `AtVeryEndDocument' on input line 618.
Package atveryend Info: Executing hook `AtEndAfterFileList' on input line 618.
Package rerunfilecheck Info: File `gc-ks-paper.out' has not changed.
(rerunfilecheck)             Checksum: DCF8B974EBA00950E1D47C096D2E4E05;2395.


LaTeX Font Warning: Size substitutions with differences
(Font)              up to 1.01248pt have occurred.

Package atveryend Info: Empty hook `AtVeryVeryEnd' on input line 618.
 ) 
Here is how much of TeX's memory you used:
 11983 strings out of 493014
 174580 string characters out of 6133352
 268473 words of memory out of 5000000
 15094 multiletter control sequences out of 15000+600000
 149820 words of font info for 173 fonts, out of 8000000 for 9000
 1151 hyphenation exceptions out of 8191
 43i,17n,40p,2458b,532s stack positions out of 5000i,500n,10000p,200000b,80000s
{/usr/local/texlive/2016/texmf-dist/fonts/enc/dvips/newtx/ntx-ot1-tlf.enc}{/u
sr/local/texlive/2016/texmf-dist/fonts/enc/dvips/base/8r.enc}{/usr/local/texliv
e/2016/texmf-dist/fonts/enc/dvips/sourcesanspro/a_ggs4wk.enc}</usr/local/texliv
e/2016/texmf-dist/fonts/type1/adobe/sourcesanspro/SourceSansPro-Semibold.pfb></
usr/local/texlive/2016/texmf-dist/fonts/type1/public/tex-gyre/qtmr.pfb></usr/lo
cal/texlive/2016/texmf-dist/fonts/type1/public/newtx/rntxmi.pfb></usr/local/tex
live/2016/texmf-dist/fonts/type1/public/newtx/rntxmi5.pfb></usr/local/texlive/2
016/texmf-dist/fonts/type1/public/newtx/rntxmi7.pfb></usr/local/texlive/2016/te
xmf-dist/fonts/type1/public/txfonts/rtxmi.pfb></usr/local/texlive/2016/texmf-di
st/fonts/type1/public/newtx/rtxmi7.pfb></usr/local/texlive/2016/texmf-dist/font
s/type1/public/txfonts/rtxr.pfb></usr/local/texlive/2016/texmf-dist/fonts/type1
/urw/times/utmb8a.pfb></usr/local/texlive/2016/texmf-dist/fonts/type1/urw/times
/utmbi8a.pfb></usr/local/texlive/2016/texmf-dist/fonts/type1/urw/times/utmr8a.p
fb></usr/local/texlive/2016/texmf-dist/fonts/type1/urw/times/utmri8a.pfb>
Output written on gc-ks-paper.pdf (17 pages, 1851601 bytes).
PDF statistics:
 488 PDF objects out of 1000 (max. 8388607)
 413 compressed objects within 5 object streams
 107 named destinations out of 1000 (max. 500000)
 283 words of extra memory for PDF output out of 10000 (max. 10000000)

