\BOOKMARK [1][]{section.0.1}{Crowd sourced journey times and automated traffic counter volume-delay functions for London}{}% 1
\BOOKMARK [2][]{subsection.0.1.1}{Literature review}{section.0.1}% 2
\BOOKMARK [3][]{subsubsection.0.1.1.1}{Bureau of Public Roads method}{subsection.0.1.1}% 3
\BOOKMARK [3][]{subsubsection.0.1.1.2}{Davidson method}{subsection.0.1.1}% 4
\BOOKMARK [3][]{subsubsection.0.1.1.3}{Akclik method}{subsection.0.1.1}% 5
\BOOKMARK [3][]{subsubsection.0.1.1.4}{Conical method}{subsection.0.1.1}% 6
\BOOKMARK [3][]{subsubsection.0.1.1.5}{Identified limitations}{subsection.0.1.1}% 7
\BOOKMARK [3][]{subsubsection.0.1.1.6}{Input data}{subsection.0.1.1}% 8
\BOOKMARK [2][]{subsection.0.1.2}{Automated traffic counters}{section.0.1}% 9
\BOOKMARK [3][]{subsubsection.0.1.2.1}{Location of ATCs in Greater London}{subsection.0.1.2}% 10
\BOOKMARK [3][]{subsubsection.0.1.2.2}{Raw ATC data}{subsection.0.1.2}% 11
\BOOKMARK [3][]{subsubsection.0.1.2.3}{Manipulated ATC data}{subsection.0.1.2}% 12
\BOOKMARK [2][]{subsection.0.1.3}{Crowd sourced journey times}{section.0.1}% 13
\BOOKMARK [3][]{subsubsection.0.1.3.1}{Location data}{subsection.0.1.3}% 14
\BOOKMARK [3][]{subsubsection.0.1.3.2}{Google Maps}{subsection.0.1.3}% 15
\BOOKMARK [3][]{subsubsection.0.1.3.3}{Google Maps Directions API}{subsection.0.1.3}% 16
\BOOKMARK [3][]{subsubsection.0.1.3.4}{Sending HTTP request to Google}{subsection.0.1.3}% 17
\BOOKMARK [3][]{subsubsection.0.1.3.5}{Receiving JSON response from Google}{subsection.0.1.3}% 18
\BOOKMARK [3][]{subsubsection.0.1.3.6}{Data cleaning}{subsection.0.1.3}% 19
\BOOKMARK [3][]{subsubsection.0.1.3.7}{Data validation}{subsection.0.1.3}% 20
\BOOKMARK [2][]{subsection.0.1.4}{Analysis}{section.0.1}% 21
\BOOKMARK [3][]{subsubsection.0.1.4.1}{Journey time distribution}{subsection.0.1.4}% 22
\BOOKMARK [3][]{subsubsection.0.1.4.2}{Saturation-delay relationship}{subsection.0.1.4}% 23
\BOOKMARK [3][]{subsubsection.0.1.4.3}{Saturation-speed relationship}{subsection.0.1.4}% 24
\BOOKMARK [2][]{subsection.0.1.5}{Discussion}{section.0.1}% 25
\BOOKMARK [3][]{subsubsection.0.1.5.1}{Example scenario \046 possible factors}{subsection.0.1.5}% 26
\BOOKMARK [3][]{subsubsection.0.1.5.2}{Challenging scenarios}{subsection.0.1.5}% 27
\BOOKMARK [3][]{subsubsection.0.1.5.3}{Influencing factors}{subsection.0.1.5}% 28
\BOOKMARK [2][]{subsection.0.1.6}{Conclusions}{section.0.1}% 29
